生成启动时间为 2017/10/9/星期一 11:16:55。
     1>项目“E:\zj\study\c++\ConnectPolymath\LogWrite\LogWrite.vcxproj”在节点 2 上(Build 个目标)。
     1>ClCompile:
         D:\Program Files\Microsoft Visual Studio 12.0\VC\bin\CL.exe /c /ZI /nologo /W3 /WX- /sdl /Od /Oy- /D WIN32 /D _DEBUG /D _WINDOWS /D _USRDLL /D LOGWRITE_EXPORTS /D DLLEXPORT /D _CRT_SECURE_NO_WARNINGS /D _WINDLL /D _UNICODE /D UNICODE /Gm /EHsc /RTC1 /MDd /GS /fp:precise /Zc:wchar_t /Zc:forScope /Fo"Debug\\" /Fd"Debug\vc120.pdb" /Gd /TP /analyze- /errorReport:prompt LogWrite.cpp
         LogWrite.cpp
     1>e:\zj\study\c++\connectpolymath\logwrite\logwrite.h(56): warning C4251: “CWriteLog::m_quLog”: class“std::queue<CWriteLog *,std::deque<_Ty,std::allocator<_Ty>>>”需要有 dll 接口由 class“CWriteLog”的客户端使用
                 with
                 [
                     _Ty=CWriteLog *
                 ]
     1>e:\zj\study\c++\connectpolymath\logwrite\logwrite.cpp(286): warning C4244: “初始化”: 从“std::streamoff”转换到“size_t”，可能丢失数据
     1>e:\zj\study\c++\connectpolymath\logwrite\logwrite.cpp(287): warning C4018: “<”: 有符号/无符号不匹配
     1>e:\zj\study\c++\connectpolymath\logwrite\logwrite.cpp(431): warning C4018: “<”: 有符号/无符号不匹配
       Link:
         D:\Program Files\Microsoft Visual Studio 12.0\VC\bin\link.exe /ERRORREPORT:PROMPT /OUT:"E:\zj\study\c++\ConnectPolymath\Debug\LogWrite.dll" /INCREMENTAL /NOLOGO kernel32.lib user32.lib gdi32.lib winspool.lib comdlg32.lib advapi32.lib shell32.lib ole32.lib oleaut32.lib uuid.lib odbc32.lib odbccp32.lib /DEF:"Log.def" /MANIFEST /MANIFESTUAC:"level='asInvoker' uiAccess='false'" /manifest:embed /DEBUG /PDB:"E:\zj\study\c++\ConnectPolymath\Debug\LogWrite.pdb" /SUBSYSTEM:WINDOWS /TLBID:1 /DYNAMICBASE /NXCOMPAT /IMPLIB:"E:\zj\study\c++\ConnectPolymath\Debug\LogWrite.lib" /MACHINE:X86 /DLL Debug\dllmain.obj
         Debug\LogWrite.obj
         Debug\stdafx.obj
         LogWrite.vcxproj -> E:\zj\study\c++\ConnectPolymath\Debug\LogWrite.dll
     1>已完成生成项目“E:\zj\study\c++\ConnectPolymath\LogWrite\LogWrite.vcxproj”(Build 个目标)的操作。

生成成功。

已用时间 00:00:09.02
